<?xml version="1.0" encoding="UTF-8"?>
<!-- Generated by org.testng.reporters.JUnitXMLReporter -->
<testsuite hostname="Olgas-MacBook-Air.local" ignored="0" name="Test" tests="3" failures="0" timestamp="06 Jun 2019 01:35:53 GMT" time="0.182" errors="0">
  <testcase name="testOneFromBasics1" time="0.066" classname="com.class03.BasicsXMLParentOne"/>
  <testcase name="testThreeFromBasics1" time="0.009" classname="com.class03.BasicsXMLParentOne"/>
  <testcase name="testTwoFromBasics1" time="0.007" classname="com.class03.BasicsXMLParentOne"/>
</testsuite> <!-- Test -->
