<?xml version="1.0" encoding="UTF-8"?>
<!-- Generated by org.testng.reporters.JUnitXMLReporter -->
<testsuite hostname="Olgas-MacBook-Air.local" ignored="0" name="Default test" tests="3" failures="0" timestamp="07 Jun 2019 00:18:52 GMT" time="23.117" errors="0">
  <testcase name="contactInformation" time="1.792" classname="com.class04.NewTourExample$NewtoursExample"/>
  <testcase name="userInformation" time="2.201" classname="com.class04.NewTourExample$NewtoursExample"/>
  <testcase name="mailingInformation" time="1.731" classname="com.class04.NewTourExample$NewtoursExample"/>
</testsuite> <!-- Default test -->
